<?xml version="1.0" encoding="UTF-8"?>
<testng-results skipped="0" failed="0" ignored="0" total="1" passed="1">
  <reporter-output>
    <line>
      <![CDATA[Setting up reports and Test is getting ready.]]>
    </line>
    <line>
      <![CDATA[Settings done and Test can be started.]]>
    </line>
    <line>
      <![CDATA[Trying to start Browser and getting application ready.]]>
    </line>
    <line>
      <![CDATA[Test Running]]>
    </line>
    <line>
      <![CDATA[Calling random user api to get and set user data]]>
    </line>
    <line>
      <![CDATA[User data stored and updated in config file]]>
    </line>
    <line>
      <![CDATA[ValidateE2EProductPurchaseTestCase test is about to end. 1]]>
    </line>
    <line>
      <![CDATA[Test Completed >>>>> Report Generated.

]]>
    </line>
  </reporter-output>
  <suite name="Suite" duration-ms="60545" started-at="2022-11-08T11:20:30Z" finished-at="2022-11-08T11:21:30Z">
    <groups>
    </groups>
    <test name="Test" duration-ms="60545" started-at="2022-11-08T11:20:30Z" finished-at="2022-11-08T11:21:30Z">
      <class name="testCases.E2EProductPurchaseTestCase">
        <test-method status="PASS" signature="SetupSuite()[pri:0, instance:testCases.E2EProductPurchaseTestCase@1b68b9a4]" name="SetupSuite" is-config="true" duration-ms="6424" started-at="2022-11-08T11:20:23Z" finished-at="2022-11-08T11:20:30Z">
          <reporter-output>
            <line>
              <![CDATA[Setting up reports and Test is getting ready.]]>
            </line>
            <line>
              <![CDATA[Settings done and Test can be started.]]>
            </line>
            <line>
              <![CDATA[Trying to start Browser and getting application ready.]]>
            </line>
          </reporter-output>
        </test-method> <!-- SetupSuite -->
        <test-method status="PASS" signature="setup()[pri:0, instance:testCases.E2EProductPurchaseTestCase@1b68b9a4]" name="setup" is-config="true" duration-ms="1" started-at="2022-11-08T11:20:30Z" finished-at="2022-11-08T11:20:30Z">
          <reporter-output>
            <line>
              <![CDATA[Test Running]]>
            </line>
          </reporter-output>
        </test-method> <!-- setup -->
        <test-method status="PASS" signature="getFlowName()[pri:0, instance:testCases.E2EProductPurchaseTestCase@1b68b9a4]" name="getFlowName" is-config="true" duration-ms="12" started-at="2022-11-08T11:20:30Z" finished-at="2022-11-08T11:20:30Z">
          <reporter-output>
          </reporter-output>
        </test-method> <!-- getFlowName -->
        <test-method status="PASS" signature="ValidateE2EProductPurchaseTestCase()[pri:0, instance:testCases.E2EProductPurchaseTestCase@1b68b9a4]" name="ValidateE2EProductPurchaseTestCase" duration-ms="60488" started-at="2022-11-08T11:20:30Z" finished-at="2022-11-08T11:21:30Z">
          <reporter-output>
            <line>
              <![CDATA[Calling random user api to get and set user data]]>
            </line>
            <line>
              <![CDATA[User data stored and updated in config file]]>
            </line>
          </reporter-output>
        </test-method> <!-- ValidateE2EProductPurchaseTestCase -->
        <test-method status="PASS" signature="tearDownMethod(org.testng.ITestResult)[pri:0, instance:testCases.E2EProductPurchaseTestCase@1b68b9a4]" name="tearDownMethod" is-config="true" duration-ms="3" started-at="2022-11-08T11:21:30Z" finished-at="2022-11-08T11:21:30Z">
          <params>
            <param index="0">
              <value>
                <![CDATA[[TestResult name=ValidateE2EProductPurchaseTestCase status=SUCCESS method=E2EProductPurchaseTestCase.ValidateE2EProductPurchaseTestCase()[pri:0, instance:testCases.E2EProductPurchaseTestCase@1b68b9a4] output=Calling random user api to get and set user data]]]>
              </value>
            </param>
          </params>
          <reporter-output>
            <line>
              <![CDATA[ValidateE2EProductPurchaseTestCase test is about to end. 1]]>
            </line>
          </reporter-output>
        </test-method> <!-- tearDownMethod -->
        <test-method status="PASS" signature="tearDown()[pri:0, instance:testCases.E2EProductPurchaseTestCase@1b68b9a4]" name="tearDown" is-config="true" duration-ms="0" started-at="2022-11-08T11:21:30Z" finished-at="2022-11-08T11:21:30Z">
          <reporter-output>
            <line>
              <![CDATA[Test Completed >>>>> Report Generated.

]]>
            </line>
          </reporter-output>
        </test-method> <!-- tearDown -->
        <test-method status="PASS" signature="tearDown2()[pri:0, instance:testCases.E2EProductPurchaseTestCase@1b68b9a4]" name="tearDown2" is-config="true" duration-ms="2309" started-at="2022-11-08T11:21:30Z" finished-at="2022-11-08T11:21:33Z">
          <reporter-output>
          </reporter-output>
        </test-method> <!-- tearDown2 -->
      </class> <!-- testCases.E2EProductPurchaseTestCase -->
    </test> <!-- Test -->
  </suite> <!-- Suite -->
</testng-results>
